2015-04-17 14:08:53,612 - Trying to use logger class org.apache.velocity.runtime.log.SimpleLog4JLogSystem
2015-04-17 14:08:53,612 - Using logger class org.apache.velocity.runtime.log.SimpleLog4JLogSystem
2015-04-17 14:08:53,619 - Default ResourceManager initializing. (class org.apache.velocity.runtime.resource.ResourceManagerImpl)
2015-04-17 14:08:53,622 - Resource Loader Instantiated: org.apache.velocity.runtime.resource.loader.ClasspathResourceLoader
2015-04-17 14:08:53,622 - ClasspathResourceLoader : initialization starting.
2015-04-17 14:08:53,622 - ClasspathResourceLoader : initialization complete.
2015-04-17 14:08:53,624 - ResourceCache : initialized. (class org.apache.velocity.runtime.resource.ResourceCacheImpl)
2015-04-17 14:08:53,625 - Default ResourceManager initialization complete.
2015-04-17 14:08:53,629 - Loaded System Directive: org.apache.velocity.runtime.directive.Literal
2015-04-17 14:08:53,631 - Loaded System Directive: org.apache.velocity.runtime.directive.Macro
2015-04-17 14:08:53,634 - Loaded System Directive: org.apache.velocity.runtime.directive.Parse
2015-04-17 14:08:53,637 - Loaded System Directive: org.apache.velocity.runtime.directive.Include
2015-04-17 14:08:53,638 - Loaded System Directive: org.apache.velocity.runtime.directive.Foreach
2015-04-17 14:08:53,677 - Created: 20 parsers.
2015-04-17 14:08:53,686 - Velocimacro : initialization starting.
2015-04-17 14:08:53,686 - Velocimacro : adding VMs from VM library template : VM_global_library.vm
2015-04-17 14:08:53,693 - ResourceManager : unable to find resource 'VM_global_library.vm' in any resource loader.
2015-04-17 14:08:53,693 - Velocimacro : error using  VM library template VM_global_library.vm : org.apache.velocity.exception.ResourceNotFoundException: Unable to find resource 'VM_global_library.vm'
2015-04-17 14:08:53,693 - Velocimacro :  VM library template macro registration complete.
2015-04-17 14:08:53,693 - Velocimacro : allowInline = true : VMs can be defined inline in templates
2015-04-17 14:08:53,693 - Velocimacro : allowInlineToOverride = false : VMs defined inline may NOT replace previous VM definitions
2015-04-17 14:08:53,693 - Velocimacro : allowInlineLocal = false : VMs defined inline will be  global in scope if allowed.
2015-04-17 14:08:53,693 - Velocimacro : messages on  : VM system will output logging messages
2015-04-17 14:08:53,693 - Velocimacro : autoload off  : VM system will not automatically reload global library macros
2015-04-17 14:08:53,693 - Velocimacro : initialization complete.
2015-04-17 14:08:53,693 - Velocity successfully started.
2015-04-17 14:10:05,390 - SimpleLog4JLogSystem initialized using logfile 'velocity.log'
2015-04-17 14:10:05,390 - ************************************************************** 
2015-04-17 14:10:05,390 - Starting Jakarta Velocity v1.4
2015-04-17 14:10:05,390 - RuntimeInstance initializing.
2015-04-17 14:10:05,390 - Default Properties File: org\apache\velocity\runtime\defaults\velocity.properties
2015-04-17 14:10:05,390 - Trying to use logger class org.apache.velocity.runtime.log.SimpleLog4JLogSystem
2015-04-17 14:10:05,390 - Using logger class org.apache.velocity.runtime.log.SimpleLog4JLogSystem
2015-04-17 14:10:05,394 - Default ResourceManager initializing. (class org.apache.velocity.runtime.resource.ResourceManagerImpl)
2015-04-17 14:10:05,398 - Resource Loader Instantiated: org.apache.velocity.runtime.resource.loader.ClasspathResourceLoader
2015-04-17 14:10:05,398 - ClasspathResourceLoader : initialization starting.
2015-04-17 14:10:05,398 - ClasspathResourceLoader : initialization complete.
2015-04-17 14:10:05,400 - ResourceCache : initialized. (class org.apache.velocity.runtime.resource.ResourceCacheImpl)
2015-04-17 14:10:05,400 - Default ResourceManager initialization complete.
2015-04-17 14:10:05,404 - Loaded System Directive: org.apache.velocity.runtime.directive.Literal
2015-04-17 14:10:05,406 - Loaded System Directive: org.apache.velocity.runtime.directive.Macro
2015-04-17 14:10:05,410 - Loaded System Directive: org.apache.velocity.runtime.directive.Parse
2015-04-17 14:10:05,412 - Loaded System Directive: org.apache.velocity.runtime.directive.Include
2015-04-17 14:10:05,413 - Loaded System Directive: org.apache.velocity.runtime.directive.Foreach
2015-04-17 14:10:05,439 - Created: 20 parsers.
2015-04-17 14:10:05,448 - Velocimacro : initialization starting.
2015-04-17 14:10:05,448 - Velocimacro : adding VMs from VM library template : VM_global_library.vm
2015-04-17 14:10:05,455 - ResourceManager : unable to find resource 'VM_global_library.vm' in any resource loader.
2015-04-17 14:10:05,455 - Velocimacro : error using  VM library template VM_global_library.vm : org.apache.velocity.exception.ResourceNotFoundException: Unable to find resource 'VM_global_library.vm'
2015-04-17 14:10:05,455 - Velocimacro :  VM library template macro registration complete.
2015-04-17 14:10:05,455 - Velocimacro : allowInline = true : VMs can be defined inline in templates
2015-04-17 14:10:05,455 - Velocimacro : allowInlineToOverride = false : VMs defined inline may NOT replace previous VM definitions
2015-04-17 14:10:05,455 - Velocimacro : allowInlineLocal = false : VMs defined inline will be  global in scope if allowed.
2015-04-17 14:10:05,455 - Velocimacro : messages on  : VM system will output logging messages
2015-04-17 14:10:05,455 - Velocimacro : autoload off  : VM system will not automatically reload global library macros
2015-04-17 14:10:05,455 - Velocimacro : initialization complete.
2015-04-17 14:10:05,455 - Velocity successfully started.
2015-04-17 14:13:49,781 - SimpleLog4JLogSystem initialized using logfile 'velocity.log'
2015-04-17 14:13:49,782 - ************************************************************** 
2015-04-17 14:13:49,782 - Starting Jakarta Velocity v1.4
2015-04-17 14:13:49,782 - RuntimeInstance initializing.
2015-04-17 14:13:49,782 - Default Properties File: org\apache\velocity\runtime\defaults\velocity.properties
2015-04-17 14:13:49,782 - Trying to use logger class org.apache.velocity.runtime.log.SimpleLog4JLogSystem
2015-04-17 14:13:49,782 - Using logger class org.apache.velocity.runtime.log.SimpleLog4JLogSystem
2015-04-17 14:13:49,785 - Default ResourceManager initializing. (class org.apache.velocity.runtime.resource.ResourceManagerImpl)
2015-04-17 14:13:49,788 - Resource Loader Instantiated: org.apache.velocity.runtime.resource.loader.ClasspathResourceLoader
2015-04-17 14:13:49,788 - ClasspathResourceLoader : initialization starting.
2015-04-17 14:13:49,788 - ClasspathResourceLoader : initialization complete.
2015-04-17 14:13:49,790 - ResourceCache : initialized. (class org.apache.velocity.runtime.resource.ResourceCacheImpl)
2015-04-17 14:13:49,790 - Default ResourceManager initialization complete.
2015-04-17 14:13:49,795 - Loaded System Directive: org.apache.velocity.runtime.directive.Literal
2015-04-17 14:13:49,797 - Loaded System Directive: org.apache.velocity.runtime.directive.Macro
2015-04-17 14:13:49,800 - Loaded System Directive: org.apache.velocity.runtime.directive.Parse
2015-04-17 14:13:49,802 - Loaded System Directive: org.apache.velocity.runtime.directive.Include
2015-04-17 14:13:49,803 - Loaded System Directive: org.apache.velocity.runtime.directive.Foreach
2015-04-17 14:13:49,829 - Created: 20 parsers.
2015-04-17 14:13:49,838 - Velocimacro : initialization starting.
2015-04-17 14:13:49,839 - Velocimacro : adding VMs from VM library template : VM_global_library.vm
2015-04-17 14:13:49,845 - ResourceManager : unable to find resource 'VM_global_library.vm' in any resource loader.
2015-04-17 14:13:49,846 - Velocimacro : error using  VM library template VM_global_library.vm : org.apache.velocity.exception.ResourceNotFoundException: Unable to find resource 'VM_global_library.vm'
2015-04-17 14:13:49,846 - Velocimacro :  VM library template macro registration complete.
2015-04-17 14:13:49,846 - Velocimacro : allowInline = true : VMs can be defined inline in templates
2015-04-17 14:13:49,846 - Velocimacro : allowInlineToOverride = false : VMs defined inline may NOT replace previous VM definitions
2015-04-17 14:13:49,846 - Velocimacro : allowInlineLocal = false : VMs defined inline will be  global in scope if allowed.
2015-04-17 14:13:49,846 - Velocimacro : messages on  : VM system will output logging messages
2015-04-17 14:13:49,846 - Velocimacro : autoload off  : VM system will not automatically reload global library macros
2015-04-17 14:13:49,846 - Velocimacro : initialization complete.
2015-04-17 14:13:49,846 - Velocity successfully started.
2015-04-17 14:15:22,099 - SimpleLog4JLogSystem initialized using logfile 'velocity.log'
2015-04-17 14:15:22,099 - ************************************************************** 
2015-04-17 14:15:22,099 - Starting Jakarta Velocity v1.4
2015-04-17 14:15:22,099 - RuntimeInstance initializing.
2015-04-17 14:15:22,100 - Default Properties File: org\apache\velocity\runtime\defaults\velocity.properties
2015-04-17 14:15:22,100 - Trying to use logger class org.apache.velocity.runtime.log.SimpleLog4JLogSystem
2015-04-17 14:15:22,100 - Using logger class org.apache.velocity.runtime.log.SimpleLog4JLogSystem
2015-04-17 14:15:22,104 - Default ResourceManager initializing. (class org.apache.velocity.runtime.resource.ResourceManagerImpl)
2015-04-17 14:15:22,107 - Resource Loader Instantiated: org.apache.velocity.runtime.resource.loader.ClasspathResourceLoader
2015-04-17 14:15:22,107 - ClasspathResourceLoader : initialization starting.
2015-04-17 14:15:22,107 - ClasspathResourceLoader : initialization complete.
2015-04-17 14:15:22,109 - ResourceCache : initialized. (class org.apache.velocity.runtime.resource.ResourceCacheImpl)
2015-04-17 14:15:22,109 - Default ResourceManager initialization complete.
2015-04-17 14:15:22,113 - Loaded System Directive: org.apache.velocity.runtime.directive.Literal
2015-04-17 14:15:22,115 - Loaded System Directive: org.apache.velocity.runtime.directive.Macro
2015-04-17 14:15:22,118 - Loaded System Directive: org.apache.velocity.runtime.directive.Parse
2015-04-17 14:15:22,120 - Loaded System Directive: org.apache.velocity.runtime.directive.Include
2015-04-17 14:15:22,121 - Loaded System Directive: org.apache.velocity.runtime.directive.Foreach
2015-04-17 14:15:22,149 - Created: 20 parsers.
2015-04-17 14:15:22,158 - Velocimacro : initialization starting.
2015-04-17 14:15:22,158 - Velocimacro : adding VMs from VM library template : VM_global_library.vm
2015-04-17 14:15:22,165 - ResourceManager : unable to find resource 'VM_global_library.vm' in any resource loader.
2015-04-17 14:15:22,165 - Velocimacro : error using  VM library template VM_global_library.vm : org.apache.velocity.exception.ResourceNotFoundException: Unable to find resource 'VM_global_library.vm'
2015-04-17 14:15:22,165 - Velocimacro :  VM library template macro registration complete.
2015-04-17 14:15:22,165 - Velocimacro : allowInline = true : VMs can be defined inline in templates
2015-04-17 14:15:22,165 - Velocimacro : allowInlineToOverride = false : VMs defined inline may NOT replace previous VM definitions
2015-04-17 14:15:22,165 - Velocimacro : allowInlineLocal = false : VMs defined inline will be  global in scope if allowed.
2015-04-17 14:15:22,165 - Velocimacro : messages on  : VM system will output logging messages
2015-04-17 14:15:22,165 - Velocimacro : autoload off  : VM system will not automatically reload global library macros
2015-04-17 14:15:22,165 - Velocimacro : initialization complete.
2015-04-17 14:15:22,165 - Velocity successfully started.
2015-04-17 14:17:03,592 - SimpleLog4JLogSystem initialized using logfile 'velocity.log'
2015-04-17 14:17:03,593 - ************************************************************** 
2015-04-17 14:17:03,593 - Starting Jakarta Velocity v1.4
2015-04-17 14:17:03,593 - RuntimeInstance initializing.
2015-04-17 14:17:03,593 - Default Properties File: org\apache\velocity\runtime\defaults\velocity.properties
2015-04-17 14:17:03,593 - Trying to use logger class org.apache.velocity.runtime.log.SimpleLog4JLogSystem
2015-04-17 14:17:03,593 - Using logger class org.apache.velocity.runtime.log.SimpleLog4JLogSystem
2015-04-17 14:17:03,596 - Default ResourceManager initializing. (class org.apache.velocity.runtime.resource.ResourceManagerImpl)
2015-04-17 14:17:03,599 - Resource Loader Instantiated: org.apache.velocity.runtime.resource.loader.ClasspathResourceLoader
2015-04-17 14:17:03,599 - ClasspathResourceLoader : initialization starting.
2015-04-17 14:17:03,599 - ClasspathResourceLoader : initialization complete.
2015-04-17 14:17:03,601 - ResourceCache : initialized. (class org.apache.velocity.runtime.resource.ResourceCacheImpl)
2015-04-17 14:17:03,601 - Default ResourceManager initialization complete.
2015-04-17 14:17:03,606 - Loaded System Directive: org.apache.velocity.runtime.directive.Literal
2015-04-17 14:17:03,608 - Loaded System Directive: org.apache.velocity.runtime.directive.Macro
2015-04-17 14:17:03,611 - Loaded System Directive: org.apache.velocity.runtime.directive.Parse
2015-04-17 14:17:03,613 - Loaded System Directive: org.apache.velocity.runtime.directive.Include
2015-04-17 14:17:03,615 - Loaded System Directive: org.apache.velocity.runtime.directive.Foreach
2015-04-17 14:17:03,644 - Created: 20 parsers.
2015-04-17 14:17:03,653 - Velocimacro : initialization starting.
2015-04-17 14:17:03,653 - Velocimacro : adding VMs from VM library template : VM_global_library.vm
2015-04-17 14:17:03,670 - ResourceManager : unable to find resource 'VM_global_library.vm' in any resource loader.
2015-04-17 14:17:03,670 - Velocimacro : error using  VM library template VM_global_library.vm : org.apache.velocity.exception.ResourceNotFoundException: Unable to find resource 'VM_global_library.vm'
2015-04-17 14:17:03,670 - Velocimacro :  VM library template macro registration complete.
2015-04-17 14:17:03,670 - Velocimacro : allowInline = true : VMs can be defined inline in templates
2015-04-17 14:17:03,670 - Velocimacro : allowInlineToOverride = false : VMs defined inline may NOT replace previous VM definitions
2015-04-17 14:17:03,670 - Velocimacro : allowInlineLocal = false : VMs defined inline will be  global in scope if allowed.
2015-04-17 14:17:03,671 - Velocimacro : messages on  : VM system will output logging messages
2015-04-17 14:17:03,671 - Velocimacro : autoload off  : VM system will not automatically reload global library macros
2015-04-17 14:17:03,671 - Velocimacro : initialization complete.
2015-04-17 14:17:03,671 - Velocity successfully started.
2015-04-17 14:18:49,908 - SimpleLog4JLogSystem initialized using logfile 'velocity.log'
2015-04-17 14:18:49,908 - ************************************************************** 
2015-04-17 14:18:49,908 - Starting Jakarta Velocity v1.4
2015-04-17 14:18:49,908 - RuntimeInstance initializing.
2015-04-17 14:18:49,908 - Default Properties File: org\apache\velocity\runtime\defaults\velocity.properties
2015-04-17 14:18:49,908 - Trying to use logger class org.apache.velocity.runtime.log.SimpleLog4JLogSystem
2015-04-17 14:18:49,908 - Using logger class org.apache.velocity.runtime.log.SimpleLog4JLogSystem
2015-04-17 14:18:49,912 - Default ResourceManager initializing. (class org.apache.velocity.runtime.resource.ResourceManagerImpl)
2015-04-17 14:18:49,915 - Resource Loader Instantiated: org.apache.velocity.runtime.resource.loader.ClasspathResourceLoader
2015-04-17 14:18:49,915 - ClasspathResourceLoader : initialization starting.
2015-04-17 14:18:49,915 - ClasspathResourceLoader : initialization complete.
2015-04-17 14:18:49,917 - ResourceCache : initialized. (class org.apache.velocity.runtime.resource.ResourceCacheImpl)
2015-04-17 14:18:49,917 - Default ResourceManager initialization complete.
2015-04-17 14:18:49,922 - Loaded System Directive: org.apache.velocity.runtime.directive.Literal
2015-04-17 14:18:49,925 - Loaded System Directive: org.apache.velocity.runtime.directive.Macro
2015-04-17 14:18:49,928 - Loaded System Directive: org.apache.velocity.runtime.directive.Parse
2015-04-17 14:18:49,931 - Loaded System Directive: org.apache.velocity.runtime.directive.Include
2015-04-17 14:18:49,932 - Loaded System Directive: org.apache.velocity.runtime.directive.Foreach
2015-04-17 14:18:49,974 - Created: 20 parsers.
2015-04-17 14:18:49,984 - Velocimacro : initialization starting.
2015-04-17 14:18:49,984 - Velocimacro : adding VMs from VM library template : VM_global_library.vm
2015-04-17 14:18:49,991 - ResourceManager : unable to find resource 'VM_global_library.vm' in any resource loader.
2015-04-17 14:18:49,991 - Velocimacro : error using  VM library template VM_global_library.vm : org.apache.velocity.exception.ResourceNotFoundException: Unable to find resource 'VM_global_library.vm'
2015-04-17 14:18:49,991 - Velocimacro :  VM library template macro registration complete.
2015-04-17 14:18:49,991 - Velocimacro : allowInline = true : VMs can be defined inline in templates
2015-04-17 14:18:49,991 - Velocimacro : allowInlineToOverride = false : VMs defined inline may NOT replace previous VM definitions
2015-04-17 14:18:49,991 - Velocimacro : allowInlineLocal = false : VMs defined inline will be  global in scope if allowed.
2015-04-17 14:18:49,991 - Velocimacro : messages on  : VM system will output logging messages
2015-04-17 14:18:49,991 - Velocimacro : autoload off  : VM system will not automatically reload global library macros
2015-04-17 14:18:49,991 - Velocimacro : initialization complete.
2015-04-17 14:18:49,991 - Velocity successfully started.
2015-04-17 14:20:51,287 - SimpleLog4JLogSystem initialized using logfile 'velocity.log'
2015-04-17 14:20:51,287 - ************************************************************** 
2015-04-17 14:20:51,287 - Starting Jakarta Velocity v1.4
2015-04-17 14:20:51,287 - RuntimeInstance initializing.
2015-04-17 14:20:51,288 - Default Properties File: org\apache\velocity\runtime\defaults\velocity.properties
2015-04-17 14:20:51,288 - Trying to use logger class org.apache.velocity.runtime.log.SimpleLog4JLogSystem
2015-04-17 14:20:51,288 - Using logger class org.apache.velocity.runtime.log.SimpleLog4JLogSystem
2015-04-17 14:20:51,291 - Default ResourceManager initializing. (class org.apache.velocity.runtime.resource.ResourceManagerImpl)
2015-04-17 14:20:51,294 - Resource Loader Instantiated: org.apache.velocity.runtime.resource.loader.ClasspathResourceLoader
2015-04-17 14:20:51,294 - ClasspathResourceLoader : initialization starting.
2015-04-17 14:20:51,294 - ClasspathResourceLoader : initialization complete.
2015-04-17 14:20:51,296 - ResourceCache : initialized. (class org.apache.velocity.runtime.resource.ResourceCacheImpl)
2015-04-17 14:20:51,296 - Default ResourceManager initialization complete.
2015-04-17 14:20:51,301 - Loaded System Directive: org.apache.velocity.runtime.directive.Literal
2015-04-17 14:20:51,303 - Loaded System Directive: org.apache.velocity.runtime.directive.Macro
2015-04-17 14:20:51,306 - Loaded System Directive: org.apache.velocity.runtime.directive.Parse
2015-04-17 14:20:51,308 - Loaded System Directive: org.apache.velocity.runtime.directive.Include
2015-04-17 14:20:51,309 - Loaded System Directive: org.apache.velocity.runtime.directive.Foreach
2015-04-17 14:20:51,337 - Created: 20 parsers.
2015-04-17 14:20:51,346 - Velocimacro : initialization starting.
2015-04-17 14:20:51,346 - Velocimacro : adding VMs from VM library template : VM_global_library.vm
2015-04-17 14:20:51,353 - ResourceManager : unable to find resource 'VM_global_library.vm' in any resource loader.
2015-04-17 14:20:51,353 - Velocimacro : error using  VM library template VM_global_library.vm : org.apache.velocity.exception.ResourceNotFoundException: Unable to find resource 'VM_global_library.vm'
2015-04-17 14:20:51,353 - Velocimacro :  VM library template macro registration complete.
2015-04-17 14:20:51,353 - Velocimacro : allowInline = true : VMs can be defined inline in templates
2015-04-17 14:20:51,353 - Velocimacro : allowInlineToOverride = false : VMs defined inline may NOT replace previous VM definitions
2015-04-17 14:20:51,353 - Velocimacro : allowInlineLocal = false : VMs defined inline will be  global in scope if allowed.
2015-04-17 14:20:51,353 - Velocimacro : messages on  : VM system will output logging messages
2015-04-17 14:20:51,353 - Velocimacro : autoload off  : VM system will not automatically reload global library macros
2015-04-17 14:20:51,353 - Velocimacro : initialization complete.
2015-04-17 14:20:51,353 - Velocity successfully started.
2015-04-17 14:31:26,817 - SimpleLog4JLogSystem initialized using logfile 'velocity.log'
2015-04-17 14:31:26,817 - ************************************************************** 
2015-04-17 14:31:26,817 - Starting Jakarta Velocity v1.4
2015-04-17 14:31:26,817 - RuntimeInstance initializing.
2015-04-17 14:31:26,817 - Default Properties File: org\apache\velocity\runtime\defaults\velocity.properties
2015-04-17 14:31:26,817 - Trying to use logger class org.apache.velocity.runtime.log.SimpleLog4JLogSystem
2015-04-17 14:31:26,817 - Using logger class org.apache.velocity.runtime.log.SimpleLog4JLogSystem
2015-04-17 14:31:26,821 - Default ResourceManager initializing. (class org.apache.velocity.runtime.resource.ResourceManagerImpl)
2015-04-17 14:31:26,824 - Resource Loader Instantiated: org.apache.velocity.runtime.resource.loader.ClasspathResourceLoader
2015-04-17 14:31:26,824 - ClasspathResourceLoader : initialization starting.
2015-04-17 14:31:26,824 - ClasspathResourceLoader : initialization complete.
2015-04-17 14:31:26,826 - ResourceCache : initialized. (class org.apache.velocity.runtime.resource.ResourceCacheImpl)
2015-04-17 14:31:26,826 - Default ResourceManager initialization complete.
2015-04-17 14:31:26,831 - Loaded System Directive: org.apache.velocity.runtime.directive.Literal
2015-04-17 14:31:26,833 - Loaded System Directive: org.apache.velocity.runtime.directive.Macro
2015-04-17 14:31:26,836 - Loaded System Directive: org.apache.velocity.runtime.directive.Parse
2015-04-17 14:31:26,838 - Loaded System Directive: org.apache.velocity.runtime.directive.Include
2015-04-17 14:31:26,840 - Loaded System Directive: org.apache.velocity.runtime.directive.Foreach
2015-04-17 14:31:26,869 - Created: 20 parsers.
2015-04-17 14:31:26,878 - Velocimacro : initialization starting.
2015-04-17 14:31:26,878 - Velocimacro : adding VMs from VM library template : VM_global_library.vm
2015-04-17 14:31:26,884 - ResourceManager : unable to find resource 'VM_global_library.vm' in any resource loader.
2015-04-17 14:31:26,884 - Velocimacro : error using  VM library template VM_global_library.vm : org.apache.velocity.exception.ResourceNotFoundException: Unable to find resource 'VM_global_library.vm'
2015-04-17 14:31:26,884 - Velocimacro :  VM library template macro registration complete.
2015-04-17 14:31:26,885 - Velocimacro : allowInline = true : VMs can be defined inline in templates
2015-04-17 14:31:26,885 - Velocimacro : allowInlineToOverride = false : VMs defined inline may NOT replace previous VM definitions
2015-04-17 14:31:26,885 - Velocimacro : allowInlineLocal = false : VMs defined inline will be  global in scope if allowed.
2015-04-17 14:31:26,885 - Velocimacro : messages on  : VM system will output logging messages
2015-04-17 14:31:26,885 - Velocimacro : autoload off  : VM system will not automatically reload global library macros
2015-04-17 14:31:26,885 - Velocimacro : initialization complete.
2015-04-17 14:31:26,885 - Velocity successfully started.
2015-04-17 14:40:38,421 - SimpleLog4JLogSystem initialized using logfile 'velocity.log'
2015-04-17 14:40:38,421 - ************************************************************** 
2015-04-17 14:40:38,421 - Starting Jakarta Velocity v1.4
2015-04-17 14:40:38,421 - RuntimeInstance initializing.
2015-04-17 14:40:38,421 - Default Properties File: org\apache\velocity\runtime\defaults\velocity.properties
2015-04-17 14:40:38,421 - Trying to use logger class org.apache.velocity.runtime.log.SimpleLog4JLogSystem
2015-04-17 14:40:38,421 - Using logger class org.apache.velocity.runtime.log.SimpleLog4JLogSystem
2015-04-17 14:40:38,425 - Default ResourceManager initializing. (class org.apache.velocity.runtime.resource.ResourceManagerImpl)
2015-04-17 14:40:38,429 - Resource Loader Instantiated: org.apache.velocity.runtime.resource.loader.ClasspathResourceLoader
2015-04-17 14:40:38,429 - ClasspathResourceLoader : initialization starting.
2015-04-17 14:40:38,429 - ClasspathResourceLoader : initialization complete.
2015-04-17 14:40:38,431 - ResourceCache : initialized. (class org.apache.velocity.runtime.resource.ResourceCacheImpl)
2015-04-17 14:40:38,431 - Default ResourceManager initialization complete.
2015-04-17 14:40:38,435 - Loaded System Directive: org.apache.velocity.runtime.directive.Literal
2015-04-17 14:40:38,438 - Loaded System Directive: org.apache.velocity.runtime.directive.Macro
2015-04-17 14:40:38,441 - Loaded System Directive: org.apache.velocity.runtime.directive.Parse
2015-04-17 14:40:38,444 - Loaded System Directive: org.apache.velocity.runtime.directive.Include
2015-04-17 14:40:38,445 - Loaded System Directive: org.apache.velocity.runtime.directive.Foreach
2015-04-17 14:40:38,474 - Created: 20 parsers.
2015-04-17 14:40:38,484 - Velocimacro : initialization starting.
2015-04-17 14:40:38,484 - Velocimacro : adding VMs from VM library template : VM_global_library.vm
2015-04-17 14:40:38,491 - ResourceManager : unable to find resource 'VM_global_library.vm' in any resource loader.
2015-04-17 14:40:38,491 - Velocimacro : error using  VM library template VM_global_library.vm : org.apache.velocity.exception.ResourceNotFoundException: Unable to find resource 'VM_global_library.vm'
2015-04-17 14:40:38,491 - Velocimacro :  VM library template macro registration complete.
2015-04-17 14:40:38,492 - Velocimacro : allowInline = true : VMs can be defined inline in templates
2015-04-17 14:40:38,492 - Velocimacro : allowInlineToOverride = false : VMs defined inline may NOT replace previous VM definitions
2015-04-17 14:40:38,492 - Velocimacro : allowInlineLocal = false : VMs defined inline will be  global in scope if allowed.
2015-04-17 14:40:38,492 - Velocimacro : messages on  : VM system will output logging messages
2015-04-17 14:40:38,492 - Velocimacro : autoload off  : VM system will not automatically reload global library macros
2015-04-17 14:40:38,492 - Velocimacro : initialization complete.
2015-04-17 14:40:38,492 - Velocity successfully started.
2015-04-17 14:43:29,498 - SimpleLog4JLogSystem initialized using logfile 'velocity.log'
2015-04-17 14:43:29,498 - ************************************************************** 
2015-04-17 14:43:29,498 - Starting Jakarta Velocity v1.4
2015-04-17 14:43:29,498 - RuntimeInstance initializing.
2015-04-17 14:43:29,498 - Default Properties File: org\apache\velocity\runtime\defaults\velocity.properties
2015-04-17 14:43:29,498 - Trying to use logger class org.apache.velocity.runtime.log.SimpleLog4JLogSystem
2015-04-17 14:43:29,498 - Using logger class org.apache.velocity.runtime.log.SimpleLog4JLogSystem
2015-04-17 14:43:29,502 - Default ResourceManager initializing. (class org.apache.velocity.runtime.resource.ResourceManagerImpl)
2015-04-17 14:43:29,505 - Resource Loader Instantiated: org.apache.velocity.runtime.resource.loader.ClasspathResourceLoader
2015-04-17 14:43:29,505 - ClasspathResourceLoader : initialization starting.
2015-04-17 14:43:29,505 - ClasspathResourceLoader : initialization complete.
2015-04-17 14:43:29,507 - ResourceCache : initialized. (class org.apache.velocity.runtime.resource.ResourceCacheImpl)
2015-04-17 14:43:29,507 - Default ResourceManager initialization complete.
2015-04-17 14:43:29,511 - Loaded System Directive: org.apache.velocity.runtime.directive.Literal
2015-04-17 14:43:29,513 - Loaded System Directive: org.apache.velocity.runtime.directive.Macro
2015-04-17 14:43:29,516 - Loaded System Directive: org.apache.velocity.runtime.directive.Parse
2015-04-17 14:43:29,520 - Loaded System Directive: org.apache.velocity.runtime.directive.Include
2015-04-17 14:43:29,521 - Loaded System Directive: org.apache.velocity.runtime.directive.Foreach
2015-04-17 14:43:29,549 - Created: 20 parsers.
2015-04-17 14:43:29,558 - Velocimacro : initialization starting.
2015-04-17 14:43:29,558 - Velocimacro : adding VMs from VM library template : VM_global_library.vm
2015-04-17 14:43:29,566 - ResourceManager : unable to find resource 'VM_global_library.vm' in any resource loader.
2015-04-17 14:43:29,566 - Velocimacro : error using  VM library template VM_global_library.vm : org.apache.velocity.exception.ResourceNotFoundException: Unable to find resource 'VM_global_library.vm'
2015-04-17 14:43:29,566 - Velocimacro :  VM library template macro registration complete.
2015-04-17 14:43:29,566 - Velocimacro : allowInline = true : VMs can be defined inline in templates
2015-04-17 14:43:29,566 - Velocimacro : allowInlineToOverride = false : VMs defined inline may NOT replace previous VM definitions
2015-04-17 14:43:29,566 - Velocimacro : allowInlineLocal = false : VMs defined inline will be  global in scope if allowed.
2015-04-17 14:43:29,566 - Velocimacro : messages on  : VM system will output logging messages
2015-04-17 14:43:29,566 - Velocimacro : autoload off  : VM system will not automatically reload global library macros
2015-04-17 14:43:29,566 - Velocimacro : initialization complete.
2015-04-17 14:43:29,566 - Velocity successfully started.
